<?xml version="1.0" encoding="UTF-8"?>
<testng-results ignored="0" total="2" passed="2" failed="0" skipped="0">
  <reporter-output>
  </reporter-output>
  <suite started-at="2025-07-12T00:55:44 IST" name="Suite" finished-at="2025-07-12T00:56:00 IST" duration-ms="15748">
    <groups>
      <group name="Master">
        <method signature="TC001_AccountRegistraionTest.verify_account_registraion()[pri:0, instance:testCases.TC001_AccountRegistraionTest@475835b1]" name="verify_account_registraion" class="testCases.TC001_AccountRegistraionTest"/>
        <method signature="TC002_LoginTest.verify_login()[pri:0, instance:testCases.TC002_LoginTest@716a7124]" name="verify_login" class="testCases.TC002_LoginTest"/>
      </group> <!-- Master -->
      <group name="Sanity">
        <method signature="TC002_LoginTest.verify_login()[pri:0, instance:testCases.TC002_LoginTest@716a7124]" name="verify_login" class="testCases.TC002_LoginTest"/>
      </group> <!-- Sanity -->
      <group name="Regression">
        <method signature="TC001_AccountRegistraionTest.verify_account_registraion()[pri:0, instance:testCases.TC001_AccountRegistraionTest@475835b1]" name="verify_account_registraion" class="testCases.TC001_AccountRegistraionTest"/>
      </group> <!-- Regression -->
    </groups>
    <test started-at="2025-07-12T00:55:44 IST" name="Test" finished-at="2025-07-12T00:56:00 IST" duration-ms="15748">
      <class name="testCases.TC002_LoginTest">
        <test-method is-config="true" signature="setup(java.lang.String,java.lang.String)[pri:0, instance:testCases.TC002_LoginTest@716a7124]" started-at="2025-07-12T00:55:52 IST" name="setup" finished-at="2025-07-12T00:55:55 IST" duration-ms="3649" status="PASS">
          <params>
            <param index="0">
              <value>
                <![CDATA[linux]]>
              </value>
            </param>
            <param index="1">
              <value>
                <![CDATA[firefox]]>
              </value>
            </param>
          </params>
          <reporter-output>
          </reporter-output>
        </test-method> <!-- setup -->
        <test-method signature="verify_login()[pri:0, instance:testCases.TC002_LoginTest@716a7124]" started-at="2025-07-12T00:55:55 IST" name="verify_login" finished-at="2025-07-12T00:55:59 IST" duration-ms="3926" status="PASS">
          <reporter-output>
          </reporter-output>
        </test-method> <!-- verify_login -->
        <test-method is-config="true" signature="tearDown()[pri:0, instance:testCases.TC002_LoginTest@716a7124]" started-at="2025-07-12T00:55:59 IST" name="tearDown" finished-at="2025-07-12T00:56:00 IST" duration-ms="661" status="PASS">
          <reporter-output>
          </reporter-output>
        </test-method> <!-- tearDown -->
      </class> <!-- testCases.TC002_LoginTest -->
      <class name="testCases.TC001_AccountRegistraionTest">
        <test-method is-config="true" signature="setup(java.lang.String,java.lang.String)[pri:0, instance:testCases.TC001_AccountRegistraionTest@475835b1]" started-at="2025-07-12T00:55:45 IST" name="setup" finished-at="2025-07-12T00:55:49 IST" duration-ms="4307" status="PASS">
          <params>
            <param index="0">
              <value>
                <![CDATA[linux]]>
              </value>
            </param>
            <param index="1">
              <value>
                <![CDATA[firefox]]>
              </value>
            </param>
          </params>
          <reporter-output>
          </reporter-output>
        </test-method> <!-- setup -->
        <test-method signature="verify_account_registraion()[pri:0, instance:testCases.TC001_AccountRegistraionTest@475835b1]" started-at="2025-07-12T00:55:49 IST" name="verify_account_registraion" finished-at="2025-07-12T00:55:51 IST" duration-ms="2169" status="PASS">
          <reporter-output>
          </reporter-output>
        </test-method> <!-- verify_account_registraion -->
        <test-method is-config="true" signature="tearDown()[pri:0, instance:testCases.TC001_AccountRegistraionTest@475835b1]" started-at="2025-07-12T00:55:51 IST" name="tearDown" finished-at="2025-07-12T00:55:52 IST" duration-ms="794" status="PASS">
          <reporter-output>
          </reporter-output>
        </test-method> <!-- tearDown -->
      </class> <!-- testCases.TC001_AccountRegistraionTest -->
    </test> <!-- Test -->
  </suite> <!-- Suite -->
</testng-results>
